<?xml version="1.0" encoding="UTF-8"?>
<!-- Generated by org.testng.reporters.JUnitReportReporter -->
<testsuite hostname="ah-amarry" name="com.smartsheet.internal.functional.TestCreateSheet" tests="10" failures="0" timestamp="31 Jul 2019 23:36:35 GMT" time="2.801" errors="0">
  <testcase name="Test00_CreateSheetInSheetsFolder" time="0.559" classname="com.smartsheet.internal.functional.TestCreateSheet"/>
  <testcase name="Test06_CreateSheetInSheetsFolderWithNoContentType" time="0.115" classname="com.smartsheet.internal.functional.TestCreateSheet"/>
  <testcase name="Test04_CreateSheetInSheetsFolderWithInvalidSecurityToken" time="0.618" classname="com.smartsheet.internal.functional.TestCreateSheet"/>
  <testcase name="Test09_CreateSheetInInvalidWorkspace" time="0.106" classname="com.smartsheet.internal.functional.TestCreateSheet"/>
  <testcase name="Test08_CreateSheetInInvalidFolder" time="0.103" classname="com.smartsheet.internal.functional.TestCreateSheet"/>
  <testcase name="Test03_CreateSheetInSheetsFolderWithNoSheetName" time="0.224" classname="com.smartsheet.internal.functional.TestCreateSheet"/>
  <testcase name="Test01_CreateSheetInFolder" time="0.413" classname="com.smartsheet.internal.functional.TestCreateSheet"/>
  <testcase name="Test05_CreateSheetInSheetsFolderWithNoSecurityToken" time="0.113" classname="com.smartsheet.internal.functional.TestCreateSheet"/>
  <testcase name="Test02_CreateSheetInWorkspace" time="0.437" classname="com.smartsheet.internal.functional.TestCreateSheet"/>
  <testcase name="Test07_CreateSheetInSheetsFolderWithInvalidContentType" time="0.113" classname="com.smartsheet.internal.functional.TestCreateSheet"/>
</testsuite> <!-- com.smartsheet.internal.functional.TestCreateSheet -->
